Case #1: 10 10
Case #2: 10 10
Case #3: 3 1
Case #4: 7 2
Case #5: 7 4
Case #6: 3 1
Case #7: 9 4
Case #8: 9 4
Case #9: 7 1
Case #10: 6 1
Case #11: 7 2
Case #12: 5 0
Case #13: 4 2
Case #14: 0 0
Case #15: 8 2
Case #16: 7 0
Case #17: 3 3
Case #18: 5 2
Case #19: 7 2
Case #20: 0 0
Case #21: 0 0
Case #22: 8 1
Case #23: 0 0
Case #24: 9 4
Case #25: 2 1
Case #26: 10 4
Case #27: 4 0
Case #28: 3 1
Case #29: 6 0
Case #30: 7 1
Case #31: 0 0
Case #32: 0 0
Case #33: 3 1
Case #34: 7 2
Case #35: 0 0
Case #36: 3 2
Case #37: 6 6
Case #38: 5 1
Case #39: 0 0
Case #40: 2 0
Case #41: 0 0
Case #42: 3 1
Case #43: 5 1
Case #44: 5 1
Case #45: 8 8
Case #46: 0 0
Case #47: 8 1
Case #48: 3 0
Case #49: 6 2
Case #50: 0 0
