Case #1:
* * * * * 
* * * * * 
* * * * * 
* * * . . 
* * * . c 
Case #2:
* * . . c 
Case #3:
* * * * 
* * * * 
* * * * 
* * . . 
* * . c 
Case #4:
* . . . 
* . . . 
* . . . 
. . . . 
. . . c 
Case #5:
* . . . 
* . . . 
* . . c 
Case #6:
* * * 
* . . 
. . . 
. . . 
. . c 
Case #7:
* * . c 
Case #8:
Impossible
Case #9:
. . . 
. . c 
Case #10:
* . . . . 
* . . . . 
* . . . . 
* . . . c 
Case #11:
* * . . . 
* . . . . 
. . . . . 
. . . . . 
. . . . c 
Case #12:
. . . . . 
. . . . c 
Case #13:
* . . . c 
Case #14:
Impossible
Case #15:
* * . . . 
* . . . . 
* . . . . 
* . . . . 
* . . . c 
Case #16:
Impossible
Case #17:
Impossible
Case #18:
* 
c 
Case #19:
Impossible
Case #20:
* * * * * 
* * * * * 
* * . . . 
* * . . . 
* * . . c 
Case #21:
* * * * 
* * * * 
* * . . 
* * . c 
Case #22:
Impossible
Case #23:
. . c 
Case #24:
. . 
. . 
. . 
. . 
. c 
Case #25:
Impossible
Case #26:
Impossible
Case #27:
Impossible
Case #28:
* * 
* * 
. . 
. c 
Case #29:
* . . 
* . . 
. . . 
. . . 
. . c 
Case #30:
. . . 
. . . 
. . . 
. . c 
Case #31:
Impossible
Case #32:
* . . . 
* . . . 
. . . . 
. . . c 
Case #33:
* * . . 
* . . . 
* . . . 
* . . . 
* . . c 
Case #34:
Impossible
Case #35:
. . . . c 
Case #36:
* 
* 
. 
. 
c 
Case #37:
Impossible
Case #38:
* * * 
. . . 
. . . 
. . c 
Case #39:
* . . . . 
* . . . . 
* . . . . 
* . . . . 
* . . . c 
Case #40:
* * * 
* * c 
Case #41:
* . . . 
* . . . 
* . . . 
* . . c 
Case #42:
* * * * 
* * * * 
* * * * 
* * * * 
* * * c 
Case #43:
* . . . 
* . . . 
* . . . 
* . . . 
* . . c 
Case #44:
Impossible
Case #45:
Impossible
Case #46:
* * * * c 
Case #47:
* 
* 
* 
* 
c 
Case #48:
* . . . . 
* . . . c 
Case #49:
* * * 
* . . 
* . c 
Case #50:
* * . . . 
* * . . . 
* . . . . 
* . . . . 
* . . . c 
Case #51:
* c 
Case #52:
* * . . 
* * . . 
* . . . 
* . . . 
* . . c 
Case #53:
Impossible
Case #54:
. . . c 
Case #55:
* . . . . 
. . . . . 
. . . . c 
Case #56:
* * * * 
. . . . 
. . . . 
. . . . 
. . . c 
Case #57:
* * . . . 
* * . . . 
* . . . c 
Case #58:
* * * 
* * * 
* * * 
* * * 
* * c 
Case #59:
* . . . 
* . . . 
. . . . 
. . . . 
. . . c 
Case #60:
Impossible
Case #61:
Impossible
Case #62:
Impossible
Case #63:
Impossible
Case #64:
Impossible
Case #65:
* . . . 
. . . . 
. . . . 
. . . c 
Case #66:
* . . 
. . . 
. . . 
. . c 
Case #67:
* * * * * 
* * * * * 
* * * * * 
* * * * c 
Case #68:
Impossible
Case #69:
* * * . . 
* * * . . 
* * . . . 
* * . . . 
* * . . c 
Case #70:
* * * * 
* * * * 
* . . . 
* . . . 
* . . c 
Case #71:
* * 
. . 
. c 
Case #72:
Impossible
Case #73:
* 
* 
c 
Case #74:
* . . . 
* . . c 
Case #75:
* * * * * 
* * * . . 
* * * . c 
Case #76:
* * 
* * 
* * 
* c 
Case #77:
Impossible
Case #78:
* * * 
* * * 
* . . 
* . c 
Case #79:
Impossible
Case #80:
* * . . 
* * . c 
Case #81:
Impossible
Case #82:
* * * . . 
* * * . c 
Case #83:
Impossible
Case #84:
Impossible
Case #85:
* * . . . 
* * . . . 
* * . . c 
Case #86:
* * . . . 
* . . . . 
* . . . . 
* . . . c 
Case #87:
* * . . . 
* * . . . 
* * . . . 
* . . . c 
Case #88:
. . 
. c 
Case #89:
* * * * * 
* * * * c 
Case #90:
* * * * 
* * . . 
* * . . 
* . . . 
* . . c 
Case #91:
* 
* 
* 
. 
c 
Case #92:
* 
. 
c 
Case #93:
Impossible
Case #94:
Impossible
Case #95:
. c 
Case #96:
* * * * 
* * . . 
* * . c 
Case #97:
Impossible
Case #98:
* * * 
. . . 
. . . 
. . . 
. . c 
Case #99:
* 
. 
. 
. 
c 
Case #100:
* * 
* * 
. . 
. . 
. c 
Case #101:
Impossible
Case #102:
Impossible
Case #103:
* * 
* * 
* * 
* * 
* c 
Case #104:
Impossible
Case #105:
Impossible
Case #106:
Impossible
Case #107:
* . . . . 
. . . . . 
. . . . . 
. . . . . 
. . . . c 
Case #108:
. 
. 
. 
c 
Case #109:
Impossible
Case #110:
Impossible
Case #111:
* * . . . 
* * . . c 
Case #112:
Impossible
Case #113:
* * . . . 
* * . . . 
* . . . . 
* . . . c 
Case #114:
* * * c 
Case #115:
* * * * 
* * * * 
* * * * 
* * * c 
Case #116:
Impossible
Case #117:
* * * * * 
* * * * * 
* * * * * 
* * * * * 
* * * * c 
Case #118:
Impossible
Case #119:
* . . . 
. . . . 
. . . . 
. . . . 
. . . c 
Case #120:
Impossible
Case #121:
. . 
. . 
. c 
Case #122:
. . 
. . 
. . 
. c 
Case #123:
Impossible
Case #124:
Impossible
Case #125:
Impossible
Case #126:
* * . . 
* * . . 
* . . . 
* . . c 
Case #127:
Impossible
Case #128:
* * . . . 
* . . . . 
* . . . c 
Case #129:
Impossible
Case #130:
* . . 
. . . 
. . . 
. . . 
. . c 
Case #131:
* * . . . 
* * . . . 
. . . . . 
. . . . . 
. . . . c 
Case #132:
* * * . . 
* * * . . 
* * . . . 
* * . . c 
Case #133:
* * 
. . 
. . 
. . 
. c 
Case #134:
* * * 
* * * 
. . . 
. . . 
. . c 
Case #135:
. 
. 
. 
. 
c 
Case #136:
Impossible
Case #137:
* . c 
Case #138:
. . . . . 
. . . . . 
. . . . c 
Case #139:
* . . 
* . c 
Case #140:
Impossible
Case #141:
Impossible
Case #142:
Impossible
Case #143:
Impossible
Case #144:
Impossible
Case #145:
* . . . 
. . . . 
. . . c 
Case #146:
* * * * * 
* * . . . 
* * . . . 
* * . . c 
Case #147:
* 
* 
* 
c 
Case #148:
* * . . . 
. . . . . 
. . . . . 
. . . . c 
Case #149:
Impossible
Case #150:
* * . . 
* . . . 
* . . . 
* . . c 
Case #151:
* * * * 
* . . . 
* . . . 
* . . c 
Case #152:
* * c 
Case #153:
Impossible
Case #154:
. . . . 
. . . . 
. . . c 
Case #155:
. . . . 
. . . . 
. . . . 
. . . . 
. . . c 
Case #156:
* * 
* * 
* c 
Case #157:
Impossible
Case #158:
Impossible
Case #159:
. . . 
. . . 
. . c 
Case #160:
Impossible
Case #161:
Impossible
Case #162:
* * * * * 
* * * . . 
* * * . . 
* * . . . 
* * . . c 
Case #163:
Impossible
Case #164:
* 
* 
. 
c 
Case #165:
Impossible
Case #166:
c 
Case #167:
* * . . . 
. . . . . 
. . . . . 
. . . . . 
. . . . c 
Case #168:
* . . . 
* . . . 
. . . c 
Case #169:
. . . . 
. . . . 
. . . . 
. . . c 
Case #170:
* * 
. . 
. . 
. c 
Case #171:
* * 
* * 
* * 
. . 
. c 
Case #172:
. . . . . 
. . . . . 
. . . . . 
. . . . c 
Case #173:
* . . 
* . . 
. . . 
. . c 
Case #174:
* 
. 
. 
c 
Case #175:
Impossible
Case #176:
. 
c 
Case #177:
* * . . . 
* * . . . 
* * . . . 
* * . . c 
Case #178:
* * * . c 
Case #179:
* * * * * 
* * * * * 
* * * . . 
* * * . c 
Case #180:
* * . . . 
* * . . . 
* * . . . 
* * . . . 
* * . . c 
Case #181:
Impossible
Case #182:
. . . . . 
. . . . . 
. . . . . 
. . . . . 
. . . . c 
Case #183:
Impossible
Case #184:
* * * 
* * * 
* * * 
* . . 
* . c 
Case #185:
. 
. 
c 
Case #186:
Impossible
Case #187:
* * * * 
* * . . 
* . . . 
* . . . 
* . . c 
Case #188:
Impossible
Case #189:
* . . c 
Case #190:
* * * * * 
* * * . . 
* * . . . 
* * . . . 
* * . . c 
Case #191:
Impossible
Case #192:
Impossible
Case #193:
Impossible
Case #194:
* * * * 
* * * * 
* * * c 
Case #195:
Impossible
Case #196:
* * * 
* . . 
* . . 
. . . 
. . c 
Case #197:
Impossible
Case #198:
* * * . . 
* * . . . 
* * . . . 
* * . . c 
Case #199:
* * * * * 
* * * * * 
* * * * c 
Case #200:
* * 
* c 
Case #201:
* * * . . 
* * . . . 
* * . . . 
* * . . . 
* * . . c 
Case #202:
* * . . . 
* . . . . 
. . . . . 
. . . . c 
Case #203:
* . . . 
* . . . 
* . . . 
. . . c 
Case #204:
* * * * 
* . . . 
* . . . 
* . . . 
* . . c 
Case #205:
Impossible
Case #206:
* * * 
* * * 
* * * 
* * c 
Case #207:
Impossible
Case #208:
. . . . 
. . . c 
Case #209:
* . . . . 
* . . . . 
* . . . c 
Case #210:
* * * * * 
* * . . . 
* * . . . 
* * . . . 
* * . . c 
Case #211:
Impossible
Case #212:
Impossible
Case #213:
Impossible
Case #214:
Impossible
Case #215:
. . . 
. . . 
. . . 
. . . 
. . c 
Case #216:
* * * * 
* * * c 
Case #217:
Impossible
Case #218:
Impossible
Case #219:
Impossible
Case #220:
* * . . . 
. . . . . 
. . . . c 
Case #221:
* . . . . 
. . . . . 
. . . . . 
. . . . c 
Case #222:
Impossible
Case #223:
* * * 
* * * 
* * c 
Case #224:
* * * * * 
* . . . . 
* . . . . 
* . . . . 
* . . . c 
Case #225:
* * . . . 
* * . . . 
* * . . . 
* . . . . 
* . . . c 
